  [4;36;1mSQL (0.2ms)[0m   [0;1mSET NAMES 'utf8'[0m
  [4;35;1mSQL (0.2ms)[0m   [0mSET SQL_AUTO_IS_NULL=0[0m
  [4;36;1mSQL (0.3ms)[0m   [0;1mSHOW TABLES[0m
  [4;35;1mSQL (36.1ms)[0m   [0mCREATE TABLE `schema_migrations` (`version` varchar(255) NOT NULL) ENGINE=InnoDB[0m
  [4;36;1mSQL (11.3ms)[0m   [0;1mCREATE UNIQUE INDEX `unique_schema_migrations` ON `schema_migrations` (`version`)[0m
  [4;35;1mSQL (0.3ms)[0m   [0mSHOW TABLES[0m
  [4;36;1mSQL (0.2ms)[0m   [0;1mSELECT version FROM schema_migrations[0m
Migrating to CreateUsers (20090616120913)
  [4;35;1mSQL (9.3ms)[0m   [0mCREATE TABLE `users` (`id` int(11) DEFAULT NULL auto_increment PRIMARY KEY, `name` varchar(255), `email` varchar(255), `profile` varchar(255), `hashed_password` text, `salt` text, `created_at` datetime, `updated_at` datetime) ENGINE=InnoDB[0m
  [4;36;1mSQL (0.8ms)[0m   [0;1mINSERT INTO schema_migrations (version) VALUES ('20090616120913')[0m
Migrating to AddUsersTestData (20090616120914)
  [4;35;1mUser Delete all (0.5ms)[0m   [0mDELETE FROM `users` [0m
  [4;36;1mUser Columns (2.6ms)[0m   [0;1mSHOW FIELDS FROM `users`[0m
  [4;35;1mSQL (0.1ms)[0m   [0mBEGIN[0m
  [4;36;1mUser Exists (1.1ms)[0m   [0;1mSELECT `users`.id FROM `users` WHERE (`users`.`name` = BINARY 'Admin') LIMIT 1[0m
  [4;35;1mUser Exists (0.2ms)[0m   [0mSELECT `users`.id FROM `users` WHERE (`users`.`email` = BINARY 'admin@athena.com') LIMIT 1[0m
  [4;36;1mUser Create (0.4ms)[0m   [0;1mINSERT INTO `users` (`name`, `salt`, `created_at`, `profile`, `updated_at`, `hashed_password`, `email`) VALUES('Admin', '-6101135280.182562727562717', '2009-06-16 12:19:26', 'I am the Administrator.', '2009-06-16 12:19:26', '955fc0650f6850232ec9332fdf27c4350be2605d', 'admin@athena.com')[0m
  [4;35;1mSQL (0.8ms)[0m   [0mCOMMIT[0m
  [4;36;1mSQL (0.1ms)[0m   [0;1mBEGIN[0m
  [4;35;1mUser Exists (0.3ms)[0m   [0mSELECT `users`.id FROM `users` WHERE (`users`.`name` = BINARY 'Joe') LIMIT 1[0m
  [4;36;1mUser Exists (0.2ms)[0m   [0;1mSELECT `users`.id FROM `users` WHERE (`users`.`email` = BINARY 'joe@myemail.com') LIMIT 1[0m
  [4;35;1mUser Create (0.3ms)[0m   [0mINSERT INTO `users` (`name`, `salt`, `created_at`, `profile`, `updated_at`, `hashed_password`, `email`) VALUES('Joe', '-6102436080.328278787916699', '2009-06-16 12:19:26', 'hi, I\'m Joe.', '2009-06-16 12:19:26', '202c39c22f9a8c8d5dc0fa110255bd5140f935e7', 'joe@myemail.com')[0m
  [4;36;1mSQL (0.6ms)[0m   [0;1mCOMMIT[0m
  [4;35;1mSQL (0.1ms)[0m   [0mBEGIN[0m
  [4;36;1mUser Exists (0.3ms)[0m   [0;1mSELECT `users`.id FROM `users` WHERE (`users`.`name` = BINARY 'Kate') LIMIT 1[0m
  [4;35;1mUser Exists (0.3ms)[0m   [0mSELECT `users`.id FROM `users` WHERE (`users`.`email` = BINARY 'kate@cyber.org') LIMIT 1[0m
  [4;36;1mUser Create (0.3ms)[0m   [0;1mINSERT INTO `users` (`name`, `salt`, `created_at`, `profile`, `updated_at`, `hashed_password`, `email`) VALUES('Kate', '-6102530680.110955551376781', '2009-06-16 12:19:26', 'hi! I\'m kate', '2009-06-16 12:19:26', '9e56c1472d77e249e3e8a71e1cc71160c2848443', 'kate@cyber.org')[0m
  [4;35;1mSQL (0.7ms)[0m   [0mCOMMIT[0m
  [4;36;1mSQL (0.7ms)[0m   [0;1mINSERT INTO schema_migrations (version) VALUES ('20090616120914')[0m
  [4;35;1mSQL (0.5ms)[0m   [0mSHOW TABLES[0m
  [4;36;1mSQL (0.3ms)[0m   [0;1mSELECT version FROM schema_migrations[0m
  [4;35;1mSQL (0.3ms)[0m   [0mSHOW TABLES[0m
  [4;36;1mSQL (2.2ms)[0m   [0;1mSHOW FIELDS FROM `users`[0m
  [4;35;1mSQL (2.1ms)[0m   [0mdescribe `users`[0m
  [4;36;1mSQL (0.4ms)[0m   [0;1mSHOW KEYS FROM `users`[0m
  [4;36;1mSQL (0.2ms)[0m   [0;1mSET NAMES 'utf8'[0m
  [4;35;1mSQL (0.2ms)[0m   [0mSET SQL_AUTO_IS_NULL=0[0m


Processing Rails::InfoController#properties (for 127.0.0.1 at 2009-06-16 20:20:29) [GET]
  [4;36;1mSQL (0.6ms)[0m   [0;1mSHOW TABLES[0m
  [4;35;1mSQL (0.4ms)[0m   [0mSELECT version FROM schema_migrations[0m
Completed in 31ms (View: 4, DB: 1) | 200 OK [http://localhost/rails/info/properties]
  [4;36;1mSQL (2.5ms)[0m   [0;1mSET NAMES 'utf8'[0m
  [4;35;1mSQL (2.0ms)[0m   [0mSET SQL_AUTO_IS_NULL=0[0m


Processing LoginController#index (for 127.0.0.1 at 2009-06-16 20:20:50) [GET]
  [4;36;1mUser Columns (2.6ms)[0m   [0;1mSHOW FIELDS FROM `users`[0m
  [4;35;1mUser Load (0.4ms)[0m   [0mSELECT * FROM `users` WHERE (`users`.`id` IS NULL) LIMIT 1[0m
Redirected to http://localhost:3000/login/login
Filter chain halted as [:authorize] rendered_or_redirected.
Completed in 42ms (DB: 7) | 302 Found [http://localhost/login]
  [4;36;1mSQL (4.9ms)[0m   [0;1mSET NAMES 'utf8'[0m
  [4;35;1mSQL (0.1ms)[0m   [0mSET SQL_AUTO_IS_NULL=0[0m


Processing LoginController#login (for 127.0.0.1 at 2009-06-16 20:20:50) [GET]
Rendering template within layouts/users
Rendering login/login
Completed in 7ms (View: 6, DB: 5) | 200 OK [http://localhost/login/login]
  [4;36;1mSQL (0.1ms)[0m   [0;1mSET NAMES 'utf8'[0m
  [4;35;1mSQL (0.1ms)[0m   [0mSET SQL_AUTO_IS_NULL=0[0m


Processing ApplicationController#index (for 127.0.0.1 at 2009-06-16 20:20:50) [GET]

ActionController::RoutingError (No route matches "/stylesheets/athena-users.css" with {:method=>:get}):
  

Rendering rescues/layout (not_found)
  [4;36;1mSQL (0.4ms)[0m   [0;1mSET NAMES 'utf8'[0m
  [4;35;1mSQL (0.1ms)[0m   [0mSET SQL_AUTO_IS_NULL=0[0m


Processing LoginController#login (for 127.0.0.1 at 2009-06-16 20:21:06) [POST]
  Parameters: {"name"=>"Admin", "commit"=>"Login", "authenticity_token"=>"KaKIaSA1d7GApFKpKOH/2uwlc9EpPKy5kuTEe6mUYyE=", "password"=>"123456"}
  [4;36;1mUser Columns (1.0ms)[0m   [0;1mSHOW FIELDS FROM `users`[0m
  [4;35;1mUser Load (0.3ms)[0m   [0mSELECT * FROM `users` WHERE (`users`.`name` = 'Admin') LIMIT 1[0m
Redirected to http://localhost:3000/dashboard
Completed in 12ms (DB: 2) | 302 Found [http://localhost/login/login]
  [4;36;1mSQL (0.1ms)[0m   [0;1mSET NAMES 'utf8'[0m
  [4;35;1mSQL (0.0ms)[0m   [0mSET SQL_AUTO_IS_NULL=0[0m


Processing DashboardController#index (for 127.0.0.1 at 2009-06-16 20:21:06) [GET]
  [4;36;1mUser Columns (0.8ms)[0m   [0;1mSHOW FIELDS FROM `users`[0m
  [4;35;1mUser Load (0.2ms)[0m   [0mSELECT * FROM `users` WHERE (`users`.`id` = 1) LIMIT 1[0m

ActionView::MissingTemplate (Missing layout layouts/dashboard.erb in view path app/views):
  

Rendering rescues/layout (internal_server_error)
  [4;36;1mSQL (0.1ms)[0m   [0;1mSET NAMES 'utf8'[0m
  [4;35;1mSQL (0.1ms)[0m   [0mSET SQL_AUTO_IS_NULL=0[0m


Processing DashboardController#index (for 127.0.0.1 at 2009-06-16 20:21:35) [GET]
  [4;36;1mUser Columns (7.1ms)[0m   [0;1mSHOW FIELDS FROM `users`[0m
  [4;35;1mUser Load (0.5ms)[0m   [0mSELECT * FROM `users` WHERE (`users`.`id` = 1) LIMIT 1[0m
Rendering template within layouts/dashboard
Rendering dashboard/index
Completed in 33ms (View: 13, DB: 8) | 200 OK [http://localhost/dashboard]
  [4;36;1mSQL (21.9ms)[0m   [0;1mSET NAMES 'utf8'[0m
  [4;35;1mSQL (0.1ms)[0m   [0mSET SQL_AUTO_IS_NULL=0[0m


Processing ApplicationController#index (for 127.0.0.1 at 2009-06-16 20:21:35) [GET]

ActionController::RoutingError (No route matches "/stylesheets/athena-dashboard.css" with {:method=>:get}):
  

Rendering rescues/layout (not_found)
  [4;36;1mSQL (0.3ms)[0m   [0;1mSET NAMES 'utf8'[0m
  [4;35;1mSQL (0.1ms)[0m   [0mSET SQL_AUTO_IS_NULL=0[0m


Processing LoginController#logout (for 127.0.0.1 at 2009-06-16 20:21:39) [GET]
Rendering template within layouts/users
Rendering login/logout
Completed in 10ms (View: 6, DB: 0) | 200 OK [http://localhost/login/logout]
  [4;36;1mSQL (0.2ms)[0m   [0;1mSET NAMES 'utf8'[0m
  [4;35;1mSQL (0.1ms)[0m   [0mSET SQL_AUTO_IS_NULL=0[0m


Processing ApplicationController#index (for 127.0.0.1 at 2009-06-16 20:21:39) [GET]

ActionController::RoutingError (No route matches "/stylesheets/athena-users.css" with {:method=>:get}):
  

Rendering rescues/layout (not_found)
  [4;36;1mSQL (0.3ms)[0m   [0;1mSET NAMES 'utf8'[0m
  [4;35;1mSQL (0.1ms)[0m   [0mSET SQL_AUTO_IS_NULL=0[0m


Processing LoginController#login (for 127.0.0.1 at 2009-06-16 20:21:42) [GET]
Rendering template within layouts/users
Rendering login/login
Completed in 6ms (View: 3, DB: 0) | 200 OK [http://localhost/login/login]
  [4;36;1mSQL (0.3ms)[0m   [0;1mSET NAMES 'utf8'[0m
  [4;35;1mSQL (0.1ms)[0m   [0mSET SQL_AUTO_IS_NULL=0[0m


Processing ApplicationController#index (for 127.0.0.1 at 2009-06-16 20:21:42) [GET]

ActionController::RoutingError (No route matches "/stylesheets/athena-users.css" with {:method=>:get}):
  

Rendering rescues/layout (not_found)
  [4;36;1mSQL (20.9ms)[0m   [0;1mSET NAMES 'utf8'[0m
  [4;35;1mSQL (0.1ms)[0m   [0mSET SQL_AUTO_IS_NULL=0[0m


Processing LoginController#login (for 127.0.0.1 at 2009-06-16 20:21:48) [POST]
  Parameters: {"name"=>"Admin", "commit"=>"Login", "authenticity_token"=>"KaKIaSA1d7GApFKpKOH/2uwlc9EpPKy5kuTEe6mUYyE=", "password"=>"123456"}
  [4;36;1mUser Columns (2.5ms)[0m   [0;1mSHOW FIELDS FROM `users`[0m
  [4;35;1mUser Load (0.2ms)[0m   [0mSELECT * FROM `users` WHERE (`users`.`name` = 'Admin') LIMIT 1[0m
Redirected to http://localhost:3000/dashboard
Completed in 16ms (DB: 24) | 302 Found [http://localhost/login/login]
  [4;36;1mSQL (0.1ms)[0m   [0;1mSET NAMES 'utf8'[0m
  [4;35;1mSQL (0.1ms)[0m   [0mSET SQL_AUTO_IS_NULL=0[0m


Processing DashboardController#index (for 127.0.0.1 at 2009-06-16 20:21:48) [GET]
  [4;36;1mUser Columns (1.0ms)[0m   [0;1mSHOW FIELDS FROM `users`[0m
  [4;35;1mUser Load (0.2ms)[0m   [0mSELECT * FROM `users` WHERE (`users`.`id` = 1) LIMIT 1[0m
Rendering template within layouts/dashboard
Rendering dashboard/index
Completed in 8ms (View: 1, DB: 1) | 200 OK [http://localhost/dashboard]
  [4;36;1mSQL (38.3ms)[0m   [0;1mSET NAMES 'utf8'[0m
  [4;35;1mSQL (0.1ms)[0m   [0mSET SQL_AUTO_IS_NULL=0[0m


Processing ApplicationController#index (for 127.0.0.1 at 2009-06-16 20:21:48) [GET]

ActionController::RoutingError (No route matches "/stylesheets/athena-dashboard.css" with {:method=>:get}):
  

Rendering rescues/layout (not_found)
  [4;36;1mSQL (0.1ms)[0m   [0;1mSET NAMES 'utf8'[0m
  [4;35;1mSQL (0.1ms)[0m   [0mSET SQL_AUTO_IS_NULL=0[0m


Processing LoginController#logout (for 127.0.0.1 at 2009-06-16 20:21:52) [GET]
Rendering template within layouts/users
Rendering login/logout
Completed in 5ms (View: 2, DB: 0) | 200 OK [http://localhost/login/logout]
  [4;36;1mSQL (0.2ms)[0m   [0;1mSET NAMES 'utf8'[0m
  [4;35;1mSQL (0.1ms)[0m   [0mSET SQL_AUTO_IS_NULL=0[0m


Processing ApplicationController#index (for 127.0.0.1 at 2009-06-16 20:21:52) [GET]

ActionController::RoutingError (No route matches "/stylesheets/athena-users.css" with {:method=>:get}):
  

Rendering rescues/layout (not_found)
  [4;36;1mSQL (0.1ms)[0m   [0;1mSET NAMES 'utf8'[0m
  [4;35;1mSQL (0.2ms)[0m   [0mSET SQL_AUTO_IS_NULL=0[0m


Processing LoginController#logout (for 127.0.0.1 at 2009-06-16 20:23:17) [GET]
Rendering template within layouts/users
Rendering login/logout
Completed in 5ms (View: 2, DB: 0) | 200 OK [http://localhost/login/logout]
  [4;36;1mSQL (0.1ms)[0m   [0;1mSET NAMES 'utf8'[0m
  [4;35;1mSQL (0.1ms)[0m   [0mSET SQL_AUTO_IS_NULL=0[0m


Processing LoginController#login (for 127.0.0.1 at 2009-06-16 20:23:22) [GET]
Rendering template within layouts/users
Rendering login/login
Completed in 6ms (View: 3, DB: 0) | 200 OK [http://localhost/login/login]
  [4;36;1mSQL (0.2ms)[0m   [0;1mSET NAMES 'utf8'[0m
  [4;35;1mSQL (0.1ms)[0m   [0mSET SQL_AUTO_IS_NULL=0[0m


Processing LoginController#login (for 127.0.0.1 at 2009-06-16 20:23:28) [POST]
  Parameters: {"name"=>"Admin", "commit"=>"Login", "authenticity_token"=>"KaKIaSA1d7GApFKpKOH/2uwlc9EpPKy5kuTEe6mUYyE=", "password"=>"123456"}
  [4;36;1mUser Columns (2.4ms)[0m   [0;1mSHOW FIELDS FROM `users`[0m
  [4;35;1mUser Load (0.5ms)[0m   [0mSELECT * FROM `users` WHERE (`users`.`name` = 'Admin') LIMIT 1[0m
Redirected to http://localhost:3000/dashboard
Completed in 19ms (DB: 3) | 302 Found [http://localhost/login/login]
  [4;36;1mSQL (0.2ms)[0m   [0;1mSET NAMES 'utf8'[0m
  [4;35;1mSQL (0.1ms)[0m   [0mSET SQL_AUTO_IS_NULL=0[0m


Processing DashboardController#index (for 127.0.0.1 at 2009-06-16 20:23:28) [GET]
  [4;36;1mUser Columns (2.4ms)[0m   [0;1mSHOW FIELDS FROM `users`[0m
  [4;35;1mUser Load (0.4ms)[0m   [0mSELECT * FROM `users` WHERE (`users`.`id` = 1) LIMIT 1[0m
Rendering template within layouts/dashboard
Rendering dashboard/index
Completed in 19ms (View: 2, DB: 3) | 200 OK [http://localhost/dashboard]
  [4;36;1mSQL (0.1ms)[0m   [0;1mSET NAMES 'utf8'[0m
  [4;35;1mSQL (0.1ms)[0m   [0mSET SQL_AUTO_IS_NULL=0[0m


Processing LoginController#logout (for 127.0.0.1 at 2009-06-16 20:23:29) [GET]
Rendering template within layouts/users
Rendering login/logout
Completed in 5ms (View: 2, DB: 0) | 200 OK [http://localhost/login/logout]
  [4;36;1mSQL (3.2ms)[0m   [0;1mSET NAMES 'utf8'[0m
  [4;35;1mSQL (0.1ms)[0m   [0mSET SQL_AUTO_IS_NULL=0[0m


Processing BackyardController#index (for 127.0.0.1 at 2009-06-16 20:27:34) [GET]

ActionController::UnknownAction (No action responded to index. Actions: ):
  

Rendering rescues/layout (not_found)
  [4;36;1mSQL (51.4ms)[0m   [0;1mSET NAMES 'utf8'[0m
  [4;35;1mSQL (0.1ms)[0m   [0mSET SQL_AUTO_IS_NULL=0[0m


Processing BackyardController#users (for 127.0.0.1 at 2009-06-16 20:27:38) [GET]

ActionController::UnknownAction (No action responded to users. Actions: ):
  

Rendering rescues/layout (not_found)
  [4;36;1mSQL (31.4ms)[0m   [0;1mSET NAMES 'utf8'[0m
  [4;35;1mSQL (0.1ms)[0m   [0mSET SQL_AUTO_IS_NULL=0[0m


Processing BackyardController#users (for 127.0.0.1 at 2009-06-16 20:27:40) [GET]

ActionController::UnknownAction (No action responded to users. Actions: ):
  

Rendering rescues/layout (not_found)
  [4;36;1mSQL (0.1ms)[0m   [0;1mSET NAMES 'utf8'[0m
  [4;35;1mSQL (0.1ms)[0m   [0mSET SQL_AUTO_IS_NULL=0[0m


Processing Backyard::UsersController#index (for 127.0.0.1 at 2009-06-16 20:28:40) [GET]
  [4;36;1mUser Load (0.5ms)[0m   [0;1mSELECT * FROM `users` [0m
Rendering backyard/users/list
  [4;35;1mUser Columns (2.5ms)[0m   [0mSHOW FIELDS FROM `users`[0m

ActionView::TemplateError (undefined method `user_path' for #<ActionView::Base:0xb75051b0>) on line #21 of app/views/backyard/users/list.html.erb:
18:         <td><%=h user.profile %></td>
19:         <td><%= link_to '查看', :action=>"show",:id=>user %> |
20:           <%= link_to '编辑', :action=>"edit",:id=>user  %> |
21:         <%= link_to '删除', user, :confirm => 'Are you sure?', :method => :delete %></td>
22:       </tr>
23:     <% end %>
24:   </table>

    app/views/backyard/users/list.html.erb:21
    app/views/backyard/users/list.html.erb:13:in `each'
    app/views/backyard/users/list.html.erb:13
    app/controllers/backyard/users_controller.rb:10:in `index'

Rendered rescues/_trace (91.0ms)
Rendered rescues/_request_and_response (1.1ms)
Rendering rescues/layout (internal_server_error)
  [4;36;1mSQL (0.3ms)[0m   [0;1mSET NAMES 'utf8'[0m
  [4;35;1mSQL (0.1ms)[0m   [0mSET SQL_AUTO_IS_NULL=0[0m


Processing Backyard::UsersController#index (for 127.0.0.1 at 2009-06-16 20:30:37) [GET]
  [4;36;1mUser Load (0.5ms)[0m   [0;1mSELECT * FROM `users` [0m
Rendering backyard/users/list
  [4;35;1mUser Columns (2.3ms)[0m   [0mSHOW FIELDS FROM `users`[0m

ActionView::TemplateError (undefined method `user_path' for #<ActionView::Base:0xb76a1118>) on line #21 of app/views/backyard/users/list.html.erb:
18:         <td><%=h user.profile %></td>
19:         <td><%= link_to '查看', :action=>"show",:id=>user %> |
20:           <%= link_to '编辑', :action=>"edit",:id=>user  %> |
21:         <%= link_to '删除', user, :confirm => 'Are you sure?', :method => :delete %></td>
22:       </tr>
23:     <% end %>
24:   </table>

    app/views/backyard/users/list.html.erb:21
    app/views/backyard/users/list.html.erb:13:in `each'
    app/views/backyard/users/list.html.erb:13
    app/controllers/backyard/users_controller.rb:10:in `index'

Rendered rescues/_trace (86.4ms)
Rendered rescues/_request_and_response (0.2ms)
Rendering rescues/layout (internal_server_error)
  [4;36;1mSQL (21.5ms)[0m   [0;1mSET NAMES 'utf8'[0m
  [4;35;1mSQL (0.1ms)[0m   [0mSET SQL_AUTO_IS_NULL=0[0m


Processing Backyard::UsersController#index (for 127.0.0.1 at 2009-06-16 20:30:39) [GET]
  [4;36;1mUser Load (0.3ms)[0m   [0;1mSELECT * FROM `users` [0m
Rendering backyard/users/list
  [4;35;1mUser Columns (1.0ms)[0m   [0mSHOW FIELDS FROM `users`[0m

ActionView::TemplateError (undefined method `user_path' for #<ActionView::Base:0xb7aee108>) on line #21 of app/views/backyard/users/list.html.erb:
18:         <td><%=h user.profile %></td>
19:         <td><%= link_to '查看', :action=>"show",:id=>user %> |
20:           <%= link_to '编辑', :action=>"edit",:id=>user  %> |
21:         <%= link_to '删除', user, :confirm => 'Are you sure?', :method => :delete %></td>
22:       </tr>
23:     <% end %>
24:   </table>

    app/views/backyard/users/list.html.erb:21
    app/views/backyard/users/list.html.erb:13:in `each'
    app/views/backyard/users/list.html.erb:13
    app/controllers/backyard/users_controller.rb:10:in `index'

Rendered rescues/_trace (55.7ms)
Rendered rescues/_request_and_response (0.2ms)
Rendering rescues/layout (internal_server_error)
  [4;36;1mSQL (23.0ms)[0m   [0;1mSET NAMES 'utf8'[0m
  [4;35;1mSQL (0.2ms)[0m   [0mSET SQL_AUTO_IS_NULL=0[0m


Processing Backyard::UsersController#index (for 127.0.0.1 at 2009-06-16 20:30:41) [GET]
  [4;36;1mUser Load (1.5ms)[0m   [0;1mSELECT * FROM `users` [0m
Rendering backyard/users/list
  [4;35;1mUser Columns (2.3ms)[0m   [0mSHOW FIELDS FROM `users`[0m

ActionView::TemplateError (undefined method `user_path' for #<ActionView::Base:0xb7488638>) on line #21 of app/views/backyard/users/list.html.erb:
18:         <td><%=h user.profile %></td>
19:         <td><%= link_to '查看', :action=>"show",:id=>user %> |
20:           <%= link_to '编辑', :action=>"edit",:id=>user  %> |
21:         <%= link_to '删除', user, :confirm => 'Are you sure?', :method => :delete %></td>
22:       </tr>
23:     <% end %>
24:   </table>

    app/views/backyard/users/list.html.erb:21
    app/views/backyard/users/list.html.erb:13:in `each'
    app/views/backyard/users/list.html.erb:13
    app/controllers/backyard/users_controller.rb:10:in `index'

Rendered rescues/_trace (94.7ms)
Rendered rescues/_request_and_response (0.2ms)
Rendering rescues/layout (internal_server_error)
  [4;36;1mSQL (0.2ms)[0m   [0;1mSET NAMES 'utf8'[0m
  [4;35;1mSQL (0.1ms)[0m   [0mSET SQL_AUTO_IS_NULL=0[0m


Processing Backyard::UsersController#index (for 127.0.0.1 at 2009-06-16 20:31:34) [GET]
  [4;36;1mUser Load (0.5ms)[0m   [0;1mSELECT * FROM `users` [0m
Rendering backyard/users/list
  [4;35;1mUser Columns (1.8ms)[0m   [0mSHOW FIELDS FROM `users`[0m

ActionView::TemplateError (undefined method `user_path' for #<ActionView::Base:0xb763f88c>) on line #21 of app/views/backyard/users/list.html.erb:
18:         <td><%=h user.profile %></td>
19:         <td><%= link_to '查看', :action=>"show",:id=>user %> |
20:           <%= link_to '编辑', :action=>"edit",:id=>user  %> |
21:         <%= link_to '删除', user, :confirm => 'Are you sure?', :method => :delete %></td>
22:       </tr>
23:     <% end %>
24:   </table>

    app/views/backyard/users/list.html.erb:21
    app/views/backyard/users/list.html.erb:13:in `each'
    app/views/backyard/users/list.html.erb:13
    app/controllers/backyard/users_controller.rb:10:in `index'

Rendered rescues/_trace (50.2ms)
Rendered rescues/_request_and_response (0.2ms)
Rendering rescues/layout (internal_server_error)
  [4;36;1mSQL (0.4ms)[0m   [0;1mSET NAMES 'utf8'[0m
  [4;35;1mSQL (0.8ms)[0m   [0mSET SQL_AUTO_IS_NULL=0[0m


Processing Backyard::UsersController#index (for 127.0.0.1 at 2009-06-16 20:31:35) [GET]
  [4;36;1mUser Load (0.5ms)[0m   [0;1mSELECT * FROM `users` [0m
Rendering backyard/users/list
  [4;35;1mUser Columns (2.5ms)[0m   [0mSHOW FIELDS FROM `users`[0m

ActionView::TemplateError (undefined method `user_path' for #<ActionView::Base:0xb7a4dd70>) on line #21 of app/views/backyard/users/list.html.erb:
18:         <td><%=h user.profile %></td>
19:         <td><%= link_to '查看', :action=>"show",:id=>user %> |
20:           <%= link_to '编辑', :action=>"edit",:id=>user  %> |
21:         <%= link_to '删除', user, :confirm => 'Are you sure?', :method => :delete %></td>
22:       </tr>
23:     <% end %>
24:   </table>

    app/views/backyard/users/list.html.erb:21
    app/views/backyard/users/list.html.erb:13:in `each'
    app/views/backyard/users/list.html.erb:13
    app/controllers/backyard/users_controller.rb:10:in `index'

Rendered rescues/_trace (50.2ms)
Rendered rescues/_request_and_response (0.2ms)
Rendering rescues/layout (internal_server_error)
  [4;36;1mSQL (15.8ms)[0m   [0;1mSET NAMES 'utf8'[0m
  [4;35;1mSQL (0.2ms)[0m   [0mSET SQL_AUTO_IS_NULL=0[0m


Processing Backyard::UsersController#index (for 127.0.0.1 at 2009-06-16 20:31:37) [GET]
  [4;36;1mUser Load (0.4ms)[0m   [0;1mSELECT * FROM `users` [0m
Rendering backyard/users/list
  [4;35;1mUser Columns (0.8ms)[0m   [0mSHOW FIELDS FROM `users`[0m

ActionView::TemplateError (undefined method `user_path' for #<ActionView::Base:0xb7420358>) on line #21 of app/views/backyard/users/list.html.erb:
18:         <td><%=h user.profile %></td>
19:         <td><%= link_to '查看', :action=>"show",:id=>user %> |
20:           <%= link_to '编辑', :action=>"edit",:id=>user  %> |
21:         <%= link_to '删除', user, :confirm => 'Are you sure?', :method => :delete %></td>
22:       </tr>
23:     <% end %>
24:   </table>

    app/views/backyard/users/list.html.erb:21
    app/views/backyard/users/list.html.erb:13:in `each'
    app/views/backyard/users/list.html.erb:13
    app/controllers/backyard/users_controller.rb:10:in `index'

Rendered rescues/_trace (96.7ms)
Rendered rescues/_request_and_response (0.2ms)
Rendering rescues/layout (internal_server_error)
  [4;36;1mSQL (0.1ms)[0m   [0;1mSET NAMES 'utf8'[0m
  [4;35;1mSQL (7.4ms)[0m   [0mSET SQL_AUTO_IS_NULL=0[0m


Processing BackyardController#index (for 127.0.0.1 at 2009-06-16 20:31:40) [GET]

ActionController::UnknownAction (No action responded to index. Actions: ):
  

Rendering rescues/layout (not_found)
  [4;36;1mSQL (0.3ms)[0m   [0;1mSET NAMES 'utf8'[0m
  [4;35;1mSQL (0.1ms)[0m   [0mSET SQL_AUTO_IS_NULL=0[0m


Processing Backyard::UsersController#index (for 127.0.0.1 at 2009-06-16 20:31:43) [GET]
  [4;36;1mUser Load (0.5ms)[0m   [0;1mSELECT * FROM `users` [0m
Rendering backyard/users/list
  [4;35;1mUser Columns (2.4ms)[0m   [0mSHOW FIELDS FROM `users`[0m

ActionView::TemplateError (undefined method `user_path' for #<ActionView::Base:0xb74c38f0>) on line #21 of app/views/backyard/users/list.html.erb:
18:         <td><%=h user.profile %></td>
19:         <td><%= link_to '查看', :action=>"show",:id=>user %> |
20:           <%= link_to '编辑', :action=>"edit",:id=>user  %> |
21:         <%= link_to '删除', user, :confirm => 'Are you sure?', :method => :delete %></td>
22:       </tr>
23:     <% end %>
24:   </table>

    app/views/backyard/users/list.html.erb:21
    app/views/backyard/users/list.html.erb:13:in `each'
    app/views/backyard/users/list.html.erb:13
    app/controllers/backyard/users_controller.rb:10:in `index'

Rendered rescues/_trace (88.7ms)
Rendered rescues/_request_and_response (0.2ms)
Rendering rescues/layout (internal_server_error)
  [4;36;1mSQL (0.3ms)[0m   [0;1mSET NAMES 'utf8'[0m
  [4;35;1mSQL (0.1ms)[0m   [0mSET SQL_AUTO_IS_NULL=0[0m


Processing Backyard::UsersController#index (for 127.0.0.1 at 2009-06-16 20:33:06) [GET]
  [4;36;1mUser Load (0.5ms)[0m   [0;1mSELECT * FROM `users` [0m
Rendering template within layouts/backyard
Rendering backyard/users/list
  [4;35;1mUser Columns (2.4ms)[0m   [0mSHOW FIELDS FROM `users`[0m

ActionView::TemplateError (undefined method `user_path' for #<ActionView::Base:0xb7690bc4>) on line #21 of app/views/backyard/users/list.html.erb:
18:         <td><%=h user.profile %></td>
19:         <td><%= link_to '查看', :action=>"show",:id=>user %> |
20:           <%= link_to '编辑', :action=>"edit",:id=>user  %> |
21:         <%= link_to '删除', user, :confirm => 'Are you sure?', :method => :delete %></td>
22:       </tr>
23:     <% end %>
24:   </table>

    app/views/backyard/users/list.html.erb:21
    app/views/backyard/users/list.html.erb:13:in `each'
    app/views/backyard/users/list.html.erb:13
    app/controllers/backyard/users_controller.rb:10:in `index'

Rendered rescues/_trace (49.0ms)
Rendered rescues/_request_and_response (0.2ms)
Rendering rescues/layout (internal_server_error)
  [4;36;1mSQL (0.9ms)[0m   [0;1mSET NAMES 'utf8'[0m
  [4;35;1mSQL (0.1ms)[0m   [0mSET SQL_AUTO_IS_NULL=0[0m


Processing Backyard::UsersController#index (for 127.0.0.1 at 2009-06-16 20:33:07) [GET]
  [4;36;1mUser Load (0.5ms)[0m   [0;1mSELECT * FROM `users` [0m
Rendering template within layouts/backyard
Rendering backyard/users/list
  [4;35;1mUser Columns (2.2ms)[0m   [0mSHOW FIELDS FROM `users`[0m

ActionView::TemplateError (undefined method `user_path' for #<ActionView::Base:0xb7a8cd54>) on line #21 of app/views/backyard/users/list.html.erb:
18:         <td><%=h user.profile %></td>
19:         <td><%= link_to '查看', :action=>"show",:id=>user %> |
20:           <%= link_to '编辑', :action=>"edit",:id=>user  %> |
21:         <%= link_to '删除', user, :confirm => 'Are you sure?', :method => :delete %></td>
22:       </tr>
23:     <% end %>
24:   </table>

    app/views/backyard/users/list.html.erb:21
    app/views/backyard/users/list.html.erb:13:in `each'
    app/views/backyard/users/list.html.erb:13
    app/controllers/backyard/users_controller.rb:10:in `index'

Rendered rescues/_trace (51.3ms)
Rendered rescues/_request_and_response (0.2ms)
Rendering rescues/layout (internal_server_error)
  [4;36;1mSQL (0.7ms)[0m   [0;1mSET NAMES 'utf8'[0m
  [4;35;1mSQL (0.1ms)[0m   [0mSET SQL_AUTO_IS_NULL=0[0m


Processing Backyard::UsersController#index (for 127.0.0.1 at 2009-06-16 20:33:43) [GET]
  [4;36;1mUser Load (0.6ms)[0m   [0;1mSELECT * FROM `users` [0m
Rendering template within layouts/backyard
Rendering backyard/users/list
  [4;35;1mUser Columns (2.6ms)[0m   [0mSHOW FIELDS FROM `users`[0m
Completed in 27ms (View: 12, DB: 4) | 200 OK [http://localhost/backyard/users]
  [4;36;1mSQL (0.3ms)[0m   [0;1mSET NAMES 'utf8'[0m
  [4;35;1mSQL (0.1ms)[0m   [0mSET SQL_AUTO_IS_NULL=0[0m


Processing Backyard::UsersController#show (for 127.0.0.1 at 2009-06-16 20:33:52) [GET]
  Parameters: {"id"=>"1"}
  [4;36;1mUser Columns (1.9ms)[0m   [0;1mSHOW FIELDS FROM `users`[0m
  [4;35;1mUser Load (0.5ms)[0m   [0mSELECT * FROM `users` WHERE (`users`.`id` = 1) [0m
Rendering template within layouts/backyard
Rendering backyard/users/show
Completed in 26ms (View: 11, DB: 3) | 200 OK [http://localhost/backyard/users/1]
  [4;36;1mSQL (0.2ms)[0m   [0;1mSET NAMES 'utf8'[0m
  [4;35;1mSQL (0.1ms)[0m   [0mSET SQL_AUTO_IS_NULL=0[0m


Processing Backyard::UsersController#new (for 127.0.0.1 at 2009-06-16 20:34:01) [GET]
Rendering template within layouts/backyard
Rendering backyard/users/new
Completed in 4ms (View: 3, DB: 0) | 200 OK [http://localhost/backyard/users/new]
  [4;36;1mSQL (0.3ms)[0m   [0;1mSET NAMES 'utf8'[0m
  [4;35;1mSQL (0.1ms)[0m   [0mSET SQL_AUTO_IS_NULL=0[0m


Processing Backyard::UsersController#show (for 127.0.0.1 at 2009-06-16 20:34:07) [GET]
  Parameters: {"id"=>"1"}
  [4;36;1mUser Columns (2.4ms)[0m   [0;1mSHOW FIELDS FROM `users`[0m
  [4;35;1mUser Load (0.4ms)[0m   [0mSELECT * FROM `users` WHERE (`users`.`id` = 1) [0m
Rendering template within layouts/backyard
Rendering backyard/users/show
Completed in 22ms (View: 5, DB: 3) | 200 OK [http://localhost/backyard/users/1]
  [4;36;1mSQL (0.3ms)[0m   [0;1mSET NAMES 'utf8'[0m
  [4;35;1mSQL (0.1ms)[0m   [0mSET SQL_AUTO_IS_NULL=0[0m


Processing Backyard::UsersController#edit (for 127.0.0.1 at 2009-06-16 20:34:10) [GET]
  Parameters: {"id"=>"1"}

ActionController::UnknownAction (No action responded to edit. Actions: delete, index, list, new, and show):
  

Rendering rescues/layout (not_found)
/!\ FAILSAFE /!\  Sat Jun 20 03:46:59 +0800 2009
  Status: 500 Internal Server Error
  Can't connect to local MySQL server through socket '/tmp/mysql.sock' (2)
    /usr/local/ruby-1.8.7-p173/lib/ruby/gems/1.8/gems/activerecord-2.3.2/lib/active_record/connection_adapters/mysql_adapter.rb:576:in `real_connect'
    /usr/local/ruby-1.8.7-p173/lib/ruby/gems/1.8/gems/activerecord-2.3.2/lib/active_record/connection_adapters/mysql_adapter.rb:576:in `connect'
    /usr/local/ruby-1.8.7-p173/lib/ruby/gems/1.8/gems/activerecord-2.3.2/lib/active_record/connection_adapters/mysql_adapter.rb:204:in `initialize'
    /usr/local/ruby-1.8.7-p173/lib/ruby/gems/1.8/gems/activerecord-2.3.2/lib/active_record/connection_adapters/mysql_adapter.rb:76:in `new'
    /usr/local/ruby-1.8.7-p173/lib/ruby/gems/1.8/gems/activerecord-2.3.2/lib/active_record/connection_adapters/mysql_adapter.rb:76:in `mysql_connection'
    /usr/local/ruby-1.8.7-p173/lib/ruby/gems/1.8/gems/activerecord-2.3.2/lib/active_record/connection_adapters/abstract/connection_pool.rb:223:in `send'
    /usr/local/ruby-1.8.7-p173/lib/ruby/gems/1.8/gems/activerecord-2.3.2/lib/active_record/connection_adapters/abstract/connection_pool.rb:223:in `new_connection'
    /usr/local/ruby-1.8.7-p173/lib/ruby/gems/1.8/gems/activerecord-2.3.2/lib/active_record/connection_adapters/abstract/connection_pool.rb:245:in `checkout_new_connection'
    /usr/local/ruby-1.8.7-p173/lib/ruby/gems/1.8/gems/activerecord-2.3.2/lib/active_record/connection_adapters/abstract/connection_pool.rb:188:in `checkout'
    /usr/local/ruby-1.8.7-p173/lib/ruby/gems/1.8/gems/activerecord-2.3.2/lib/active_record/connection_adapters/abstract/connection_pool.rb:184:in `loop'
    /usr/local/ruby-1.8.7-p173/lib/ruby/gems/1.8/gems/activerecord-2.3.2/lib/active_record/connection_adapters/abstract/connection_pool.rb:184:in `checkout'
    /usr/local/ruby-1.8.7-p173/lib/ruby/1.8/monitor.rb:242:in `synchronize'
    /usr/local/ruby-1.8.7-p173/lib/ruby/gems/1.8/gems/activerecord-2.3.2/lib/active_record/connection_adapters/abstract/connection_pool.rb:183:in `checkout'
    /usr/local/ruby-1.8.7-p173/lib/ruby/gems/1.8/gems/activerecord-2.3.2/lib/active_record/connection_adapters/abstract/connection_pool.rb:98:in `connection'
    /usr/local/ruby-1.8.7-p173/lib/ruby/gems/1.8/gems/activerecord-2.3.2/lib/active_record/connection_adapters/abstract/connection_pool.rb:326:in `retrieve_connection'
    /usr/local/ruby-1.8.7-p173/lib/ruby/gems/1.8/gems/activerecord-2.3.2/lib/active_record/connection_adapters/abstract/connection_specification.rb:123:in `retrieve_connection'
    /usr/local/ruby-1.8.7-p173/lib/ruby/gems/1.8/gems/activerecord-2.3.2/lib/active_record/connection_adapters/abstract/connection_specification.rb:115:in `connection'
    /usr/local/ruby-1.8.7-p173/lib/ruby/gems/1.8/gems/activerecord-2.3.2/lib/active_record/query_cache.rb:9:in `cache'
    /usr/local/ruby-1.8.7-p173/lib/ruby/gems/1.8/gems/activerecord-2.3.2/lib/active_record/query_cache.rb:28:in `call'
    /usr/local/ruby-1.8.7-p173/lib/ruby/gems/1.8/gems/activerecord-2.3.2/lib/active_record/connection_adapters/abstract/connection_pool.rb:361:in `call'
    /usr/local/ruby-1.8.7-p173/lib/ruby/gems/1.8/gems/actionpack-2.3.2/lib/action_controller/vendor/rack-1.0/rack/head.rb:9:in `call'
    /usr/local/ruby-1.8.7-p173/lib/ruby/gems/1.8/gems/actionpack-2.3.2/lib/action_controller/vendor/rack-1.0/rack/methodoverride.rb:24:in `call'
    /usr/local/ruby-1.8.7-p173/lib/ruby/gems/1.8/gems/actionpack-2.3.2/lib/action_controller/params_parser.rb:15:in `call'
    /usr/local/ruby-1.8.7-p173/lib/ruby/gems/1.8/gems/actionpack-2.3.2/lib/action_controller/rewindable_input.rb:25:in `call'
    /usr/local/ruby-1.8.7-p173/lib/ruby/gems/1.8/gems/actionpack-2.3.2/lib/action_controller/session/cookie_store.rb:93:in `call'
    /usr/local/ruby-1.8.7-p173/lib/ruby/gems/1.8/gems/actionpack-2.3.2/lib/action_controller/reloader.rb:9:in `call'
    /usr/local/ruby-1.8.7-p173/lib/ruby/gems/1.8/gems/actionpack-2.3.2/lib/action_controller/failsafe.rb:11:in `call'
    /usr/local/ruby-1.8.7-p173/lib/ruby/gems/1.8/gems/actionpack-2.3.2/lib/action_controller/vendor/rack-1.0/rack/lock.rb:11:in `call'
    /usr/local/ruby-1.8.7-p173/lib/ruby/gems/1.8/gems/actionpack-2.3.2/lib/action_controller/vendor/rack-1.0/rack/lock.rb:11:in `synchronize'
    /usr/local/ruby-1.8.7-p173/lib/ruby/gems/1.8/gems/actionpack-2.3.2/lib/action_controller/vendor/rack-1.0/rack/lock.rb:11:in `call'
    /usr/local/ruby-1.8.7-p173/lib/ruby/gems/1.8/gems/actionpack-2.3.2/lib/action_controller/dispatcher.rb:106:in `call'
    /usr/local/ruby-1.8.7-p173/lib/ruby/gems/1.8/gems/rails-2.3.2/lib/rails/rack/static.rb:31:in `call'
    /usr/local/ruby-1.8.7-p173/lib/ruby/gems/1.8/gems/actionpack-2.3.2/lib/action_controller/vendor/rack-1.0/rack/urlmap.rb:46:in `call'
    /usr/local/ruby-1.8.7-p173/lib/ruby/gems/1.8/gems/actionpack-2.3.2/lib/action_controller/vendor/rack-1.0/rack/urlmap.rb:40:in `each'
    /usr/local/ruby-1.8.7-p173/lib/ruby/gems/1.8/gems/actionpack-2.3.2/lib/action_controller/vendor/rack-1.0/rack/urlmap.rb:40:in `call'
    /usr/local/ruby-1.8.7-p173/lib/ruby/gems/1.8/gems/rails-2.3.2/lib/rails/rack/log_tailer.rb:17:in `call'
    /usr/local/ruby-1.8.7-p173/lib/ruby/gems/1.8/gems/actionpack-2.3.2/lib/action_controller/vendor/rack-1.0/rack/content_length.rb:13:in `call'
    /usr/local/ruby-1.8.7-p173/lib/ruby/gems/1.8/gems/actionpack-2.3.2/lib/action_controller/vendor/rack-1.0/rack/chunked.rb:15:in `call'
    /usr/local/ruby-1.8.7-p173/lib/ruby/gems/1.8/gems/actionpack-2.3.2/lib/action_controller/vendor/rack-1.0/rack/handler/mongrel.rb:61:in `process'
    /usr/local/ruby-1.8.7-p173/lib/ruby/gems/1.8/gems/mongrel-1.1.5/lib/mongrel.rb:159:in `process_client'
    /usr/local/ruby-1.8.7-p173/lib/ruby/gems/1.8/gems/mongrel-1.1.5/lib/mongrel.rb:158:in `each'
    /usr/local/ruby-1.8.7-p173/lib/ruby/gems/1.8/gems/mongrel-1.1.5/lib/mongrel.rb:158:in `process_client'
    /usr/local/ruby-1.8.7-p173/lib/ruby/gems/1.8/gems/mongrel-1.1.5/lib/mongrel.rb:285:in `run'
    /usr/local/ruby-1.8.7-p173/lib/ruby/gems/1.8/gems/mongrel-1.1.5/lib/mongrel.rb:285:in `initialize'
    /usr/local/ruby-1.8.7-p173/lib/ruby/gems/1.8/gems/mongrel-1.1.5/lib/mongrel.rb:285:in `new'
    /usr/local/ruby-1.8.7-p173/lib/ruby/gems/1.8/gems/mongrel-1.1.5/lib/mongrel.rb:285:in `run'
    /usr/local/ruby-1.8.7-p173/lib/ruby/gems/1.8/gems/mongrel-1.1.5/lib/mongrel.rb:268:in `initialize'
    /usr/local/ruby-1.8.7-p173/lib/ruby/gems/1.8/gems/mongrel-1.1.5/lib/mongrel.rb:268:in `new'
    /usr/local/ruby-1.8.7-p173/lib/ruby/gems/1.8/gems/mongrel-1.1.5/lib/mongrel.rb:268:in `run'
    /usr/local/ruby-1.8.7-p173/lib/ruby/gems/1.8/gems/actionpack-2.3.2/lib/action_controller/vendor/rack-1.0/rack/handler/mongrel.rb:34:in `run'
    /usr/local/ruby-1.8.7-p173/lib/ruby/gems/1.8/gems/rails-2.3.2/lib/commands/server.rb:111
    /usr/local/ruby-1.8.7-p173/lib/ruby/site_ruby/1.8/rubygems/custom_require.rb:31:in `gem_original_require'
    /usr/local/ruby-1.8.7-p173/lib/ruby/site_ruby/1.8/rubygems/custom_require.rb:31:in `require'
    script/server:3
  [4;36;1mSQL (0.1ms)[0m   [0;1mSET NAMES 'utf8'[0m
  [4;35;1mSQL (12.9ms)[0m   [0mSET SQL_AUTO_IS_NULL=0[0m
  [4;36;1mSQL (0.3ms)[0m   [0;1mSHOW TABLES[0m
  [4;35;1mSQL (145.4ms)[0m   [0mCREATE TABLE `schema_migrations` (`version` varchar(255) NOT NULL) ENGINE=InnoDB[0m
  [4;36;1mSQL (5.5ms)[0m   [0;1mCREATE UNIQUE INDEX `unique_schema_migrations` ON `schema_migrations` (`version`)[0m
  [4;35;1mSQL (0.3ms)[0m   [0mSHOW TABLES[0m
  [4;36;1mSQL (0.3ms)[0m   [0;1mSELECT version FROM schema_migrations[0m
Migrating to CreateUsers (20090616120913)
  [4;35;1mSQL (2.4ms)[0m   [0mCREATE TABLE `users` (`id` int(11) DEFAULT NULL auto_increment PRIMARY KEY, `name` varchar(255), `email` varchar(255), `profile` varchar(255), `hashed_password` text, `salt` text, `created_at` datetime, `updated_at` datetime) ENGINE=InnoDB[0m
  [4;36;1mSQL (24.0ms)[0m   [0;1mINSERT INTO schema_migrations (version) VALUES ('20090616120913')[0m
Migrating to AddUsersTestData (20090616120914)
  [4;35;1mUser Delete all (0.3ms)[0m   [0mDELETE FROM `users` [0m
  [4;36;1mUser Columns (16.5ms)[0m   [0;1mSHOW FIELDS FROM `users`[0m
  [4;35;1mSQL (4.5ms)[0m   [0mBEGIN[0m
  [4;36;1mUser Exists (56.9ms)[0m   [0;1mSELECT `users`.id FROM `users` WHERE (`users`.`name` = BINARY 'Admin') LIMIT 1[0m
  [4;35;1mUser Exists (0.3ms)[0m   [0mSELECT `users`.id FROM `users` WHERE (`users`.`email` = BINARY 'admin@athena.com') LIMIT 1[0m
  [4;36;1mUser Create (0.3ms)[0m   [0;1mINSERT INTO `users` (`name`, `salt`, `created_at`, `profile`, `updated_at`, `hashed_password`, `email`) VALUES('Admin', '-6109599480.413693897527234', '2009-06-19 19:53:22', 'I am the Administrator.', '2009-06-19 19:53:22', '1ee8fa9060ef6d4cc77ff5f526bf11955b5521a0', 'admin@athena.com')[0m
  [4;35;1mSQL (0.3ms)[0m   [0mCOMMIT[0m
  [4;36;1mSQL (0.1ms)[0m   [0;1mBEGIN[0m
  [4;35;1mUser Exists (0.3ms)[0m   [0mSELECT `users`.id FROM `users` WHERE (`users`.`name` = BINARY 'Joe') LIMIT 1[0m
  [4;36;1mUser Exists (0.3ms)[0m   [0;1mSELECT `users`.id FROM `users` WHERE (`users`.`email` = BINARY 'joe@myemail.com') LIMIT 1[0m
  [4;35;1mUser Create (0.7ms)[0m   [0mINSERT INTO `users` (`name`, `salt`, `created_at`, `profile`, `updated_at`, `hashed_password`, `email`) VALUES('Joe', '-6071960680.105042596008936', '2009-06-19 19:53:22', 'hi, I\'m Joe.', '2009-06-19 19:53:22', 'dcf0820e3563e9cf8eada41b34b4bbfe1c8fcae6', 'joe@myemail.com')[0m
  [4;36;1mSQL (0.3ms)[0m   [0;1mCOMMIT[0m
  [4;35;1mSQL (0.1ms)[0m   [0mBEGIN[0m
  [4;36;1mUser Exists (0.3ms)[0m   [0;1mSELECT `users`.id FROM `users` WHERE (`users`.`name` = BINARY 'Kate') LIMIT 1[0m
  [4;35;1mUser Exists (0.3ms)[0m   [0mSELECT `users`.id FROM `users` WHERE (`users`.`email` = BINARY 'kate@cyber.org') LIMIT 1[0m
  [4;36;1mUser Create (0.2ms)[0m   [0;1mINSERT INTO `users` (`name`, `salt`, `created_at`, `profile`, `updated_at`, `hashed_password`, `email`) VALUES('Kate', '-6072124680.12555881441579', '2009-06-19 19:53:22', 'hi! I\'m kate', '2009-06-19 19:53:22', 'a43c257fea32663719dc0ba051fa55df9f647e49', 'kate@cyber.org')[0m
  [4;35;1mSQL (0.3ms)[0m   [0mCOMMIT[0m
  [4;36;1mSQL (0.4ms)[0m   [0;1mINSERT INTO schema_migrations (version) VALUES ('20090616120914')[0m
  [4;35;1mSQL (0.3ms)[0m   [0mSHOW TABLES[0m
  [4;36;1mSQL (0.2ms)[0m   [0;1mSELECT version FROM schema_migrations[0m
  [4;35;1mSQL (0.3ms)[0m   [0mSHOW TABLES[0m
  [4;36;1mSQL (0.9ms)[0m   [0;1mSHOW FIELDS FROM `users`[0m
  [4;35;1mSQL (0.9ms)[0m   [0mdescribe `users`[0m
  [4;36;1mSQL (0.4ms)[0m   [0;1mSHOW KEYS FROM `users`[0m
/!\ FAILSAFE /!\  Sat Jun 20 03:57:56 +0800 2009
  Status: 500 Internal Server Error
  Can't connect to local MySQL server through socket '/tmp/mysql.sock' (2)
    /usr/local/ruby-1.8.7-p173/lib/ruby/gems/1.8/gems/activerecord-2.3.2/lib/active_record/connection_adapters/mysql_adapter.rb:576:in `real_connect'
    /usr/local/ruby-1.8.7-p173/lib/ruby/gems/1.8/gems/activerecord-2.3.2/lib/active_record/connection_adapters/mysql_adapter.rb:576:in `connect'
    /usr/local/ruby-1.8.7-p173/lib/ruby/gems/1.8/gems/activerecord-2.3.2/lib/active_record/connection_adapters/mysql_adapter.rb:204:in `initialize'
    /usr/local/ruby-1.8.7-p173/lib/ruby/gems/1.8/gems/activerecord-2.3.2/lib/active_record/connection_adapters/mysql_adapter.rb:76:in `new'
    /usr/local/ruby-1.8.7-p173/lib/ruby/gems/1.8/gems/activerecord-2.3.2/lib/active_record/connection_adapters/mysql_adapter.rb:76:in `mysql_connection'
    /usr/local/ruby-1.8.7-p173/lib/ruby/gems/1.8/gems/activerecord-2.3.2/lib/active_record/connection_adapters/abstract/connection_pool.rb:223:in `send'
    /usr/local/ruby-1.8.7-p173/lib/ruby/gems/1.8/gems/activerecord-2.3.2/lib/active_record/connection_adapters/abstract/connection_pool.rb:223:in `new_connection'
    /usr/local/ruby-1.8.7-p173/lib/ruby/gems/1.8/gems/activerecord-2.3.2/lib/active_record/connection_adapters/abstract/connection_pool.rb:245:in `checkout_new_connection'
    /usr/local/ruby-1.8.7-p173/lib/ruby/gems/1.8/gems/activerecord-2.3.2/lib/active_record/connection_adapters/abstract/connection_pool.rb:188:in `checkout'
    /usr/local/ruby-1.8.7-p173/lib/ruby/gems/1.8/gems/activerecord-2.3.2/lib/active_record/connection_adapters/abstract/connection_pool.rb:184:in `loop'
    /usr/local/ruby-1.8.7-p173/lib/ruby/gems/1.8/gems/activerecord-2.3.2/lib/active_record/connection_adapters/abstract/connection_pool.rb:184:in `checkout'
    /usr/local/ruby-1.8.7-p173/lib/ruby/1.8/monitor.rb:242:in `synchronize'
    /usr/local/ruby-1.8.7-p173/lib/ruby/gems/1.8/gems/activerecord-2.3.2/lib/active_record/connection_adapters/abstract/connection_pool.rb:183:in `checkout'
    /usr/local/ruby-1.8.7-p173/lib/ruby/gems/1.8/gems/activerecord-2.3.2/lib/active_record/connection_adapters/abstract/connection_pool.rb:98:in `connection'
    /usr/local/ruby-1.8.7-p173/lib/ruby/gems/1.8/gems/activerecord-2.3.2/lib/active_record/connection_adapters/abstract/connection_pool.rb:326:in `retrieve_connection'
    /usr/local/ruby-1.8.7-p173/lib/ruby/gems/1.8/gems/activerecord-2.3.2/lib/active_record/connection_adapters/abstract/connection_specification.rb:123:in `retrieve_connection'
    /usr/local/ruby-1.8.7-p173/lib/ruby/gems/1.8/gems/activerecord-2.3.2/lib/active_record/connection_adapters/abstract/connection_specification.rb:115:in `connection'
    /usr/local/ruby-1.8.7-p173/lib/ruby/gems/1.8/gems/activerecord-2.3.2/lib/active_record/query_cache.rb:9:in `cache'
    /usr/local/ruby-1.8.7-p173/lib/ruby/gems/1.8/gems/activerecord-2.3.2/lib/active_record/query_cache.rb:28:in `call'
    /usr/local/ruby-1.8.7-p173/lib/ruby/gems/1.8/gems/activerecord-2.3.2/lib/active_record/connection_adapters/abstract/connection_pool.rb:361:in `call'
    /usr/local/ruby-1.8.7-p173/lib/ruby/gems/1.8/gems/actionpack-2.3.2/lib/action_controller/vendor/rack-1.0/rack/head.rb:9:in `call'
    /usr/local/ruby-1.8.7-p173/lib/ruby/gems/1.8/gems/actionpack-2.3.2/lib/action_controller/vendor/rack-1.0/rack/methodoverride.rb:24:in `call'
    /usr/local/ruby-1.8.7-p173/lib/ruby/gems/1.8/gems/actionpack-2.3.2/lib/action_controller/params_parser.rb:15:in `call'
    /usr/local/ruby-1.8.7-p173/lib/ruby/gems/1.8/gems/actionpack-2.3.2/lib/action_controller/rewindable_input.rb:25:in `call'
    /usr/local/ruby-1.8.7-p173/lib/ruby/gems/1.8/gems/actionpack-2.3.2/lib/action_controller/session/cookie_store.rb:93:in `call'
    /usr/local/ruby-1.8.7-p173/lib/ruby/gems/1.8/gems/actionpack-2.3.2/lib/action_controller/reloader.rb:9:in `call'
    /usr/local/ruby-1.8.7-p173/lib/ruby/gems/1.8/gems/actionpack-2.3.2/lib/action_controller/failsafe.rb:11:in `call'
    /usr/local/ruby-1.8.7-p173/lib/ruby/gems/1.8/gems/actionpack-2.3.2/lib/action_controller/vendor/rack-1.0/rack/lock.rb:11:in `call'
    /usr/local/ruby-1.8.7-p173/lib/ruby/gems/1.8/gems/actionpack-2.3.2/lib/action_controller/vendor/rack-1.0/rack/lock.rb:11:in `synchronize'
    /usr/local/ruby-1.8.7-p173/lib/ruby/gems/1.8/gems/actionpack-2.3.2/lib/action_controller/vendor/rack-1.0/rack/lock.rb:11:in `call'
    /usr/local/ruby-1.8.7-p173/lib/ruby/gems/1.8/gems/actionpack-2.3.2/lib/action_controller/dispatcher.rb:106:in `call'
    /usr/local/ruby-1.8.7-p173/lib/ruby/gems/1.8/gems/rails-2.3.2/lib/rails/rack/static.rb:31:in `call'
    /usr/local/ruby-1.8.7-p173/lib/ruby/gems/1.8/gems/actionpack-2.3.2/lib/action_controller/vendor/rack-1.0/rack/urlmap.rb:46:in `call'
    /usr/local/ruby-1.8.7-p173/lib/ruby/gems/1.8/gems/actionpack-2.3.2/lib/action_controller/vendor/rack-1.0/rack/urlmap.rb:40:in `each'
    /usr/local/ruby-1.8.7-p173/lib/ruby/gems/1.8/gems/actionpack-2.3.2/lib/action_controller/vendor/rack-1.0/rack/urlmap.rb:40:in `call'
    /usr/local/ruby-1.8.7-p173/lib/ruby/gems/1.8/gems/rails-2.3.2/lib/rails/rack/log_tailer.rb:17:in `call'
    /usr/local/ruby-1.8.7-p173/lib/ruby/gems/1.8/gems/actionpack-2.3.2/lib/action_controller/vendor/rack-1.0/rack/content_length.rb:13:in `call'
    /usr/local/ruby-1.8.7-p173/lib/ruby/gems/1.8/gems/actionpack-2.3.2/lib/action_controller/vendor/rack-1.0/rack/chunked.rb:15:in `call'
    /usr/local/ruby-1.8.7-p173/lib/ruby/gems/1.8/gems/actionpack-2.3.2/lib/action_controller/vendor/rack-1.0/rack/handler/mongrel.rb:61:in `process'
    /usr/local/ruby-1.8.7-p173/lib/ruby/gems/1.8/gems/mongrel-1.1.5/lib/mongrel.rb:159:in `process_client'
    /usr/local/ruby-1.8.7-p173/lib/ruby/gems/1.8/gems/mongrel-1.1.5/lib/mongrel.rb:158:in `each'
    /usr/local/ruby-1.8.7-p173/lib/ruby/gems/1.8/gems/mongrel-1.1.5/lib/mongrel.rb:158:in `process_client'
    /usr/local/ruby-1.8.7-p173/lib/ruby/gems/1.8/gems/mongrel-1.1.5/lib/mongrel.rb:285:in `run'
    /usr/local/ruby-1.8.7-p173/lib/ruby/gems/1.8/gems/mongrel-1.1.5/lib/mongrel.rb:285:in `initialize'
    /usr/local/ruby-1.8.7-p173/lib/ruby/gems/1.8/gems/mongrel-1.1.5/lib/mongrel.rb:285:in `new'
    /usr/local/ruby-1.8.7-p173/lib/ruby/gems/1.8/gems/mongrel-1.1.5/lib/mongrel.rb:285:in `run'
    /usr/local/ruby-1.8.7-p173/lib/ruby/gems/1.8/gems/mongrel-1.1.5/lib/mongrel.rb:268:in `initialize'
    /usr/local/ruby-1.8.7-p173/lib/ruby/gems/1.8/gems/mongrel-1.1.5/lib/mongrel.rb:268:in `new'
    /usr/local/ruby-1.8.7-p173/lib/ruby/gems/1.8/gems/mongrel-1.1.5/lib/mongrel.rb:268:in `run'
    /usr/local/ruby-1.8.7-p173/lib/ruby/gems/1.8/gems/actionpack-2.3.2/lib/action_controller/vendor/rack-1.0/rack/handler/mongrel.rb:34:in `run'
    /usr/local/ruby-1.8.7-p173/lib/ruby/gems/1.8/gems/rails-2.3.2/lib/commands/server.rb:111
    /usr/local/ruby-1.8.7-p173/lib/ruby/site_ruby/1.8/rubygems/custom_require.rb:31:in `gem_original_require'
    /usr/local/ruby-1.8.7-p173/lib/ruby/site_ruby/1.8/rubygems/custom_require.rb:31:in `require'
    script/server:3
  [4;36;1mSQL (0.1ms)[0m   [0;1mSET NAMES 'utf8'[0m
  [4;35;1mSQL (0.1ms)[0m   [0mSET SQL_AUTO_IS_NULL=0[0m


Processing Rails::InfoController#properties (for 127.0.0.1 at 2009-06-20 03:58:32) [GET]
  [4;36;1mSQL (0.3ms)[0m   [0;1mSHOW TABLES[0m
  [4;35;1mSQL (0.1ms)[0m   [0mSELECT version FROM schema_migrations[0m
Completed in 20ms (View: 2, DB: 1) | 200 OK [http://localhost/rails/info/properties]
  [4;36;1mSQL (0.1ms)[0m   [0;1mSET NAMES 'utf8'[0m
  [4;35;1mSQL (0.1ms)[0m   [0mSET SQL_AUTO_IS_NULL=0[0m


Processing LoginController#login (for 127.0.0.1 at 2009-06-20 05:49:00) [GET]
Rendering template within layouts/users
Rendering login/login
Completed in 32ms (View: 12, DB: 0) | 200 OK [http://localhost/login/login]
  [4;36;1mSQL (0.1ms)[0m   [0;1mSET NAMES 'utf8'[0m
  [4;35;1mSQL (0.1ms)[0m   [0mSET SQL_AUTO_IS_NULL=0[0m


Processing LoginController#login (for 127.0.0.1 at 2009-06-20 05:49:22) [POST]
  Parameters: {"name"=>"kate", "commit"=>"Login", "authenticity_token"=>"3e0voECgVllRNdDYjnXj8u4SMOgX1etnzQsFcoBIdTY=", "password"=>"kate123456"}
  [4;36;1mUser Columns (1.1ms)[0m   [0;1mSHOW FIELDS FROM `users`[0m
  [4;35;1mUser Load (0.4ms)[0m   [0mSELECT * FROM `users` WHERE (`users`.`name` = 'kate') LIMIT 1[0m
Redirected to http://localhost:3000/login/login
Completed in 21ms (DB: 2) | 302 Found [http://localhost/login/login]
  [4;36;1mSQL (0.1ms)[0m   [0;1mSET NAMES 'utf8'[0m
  [4;35;1mSQL (0.1ms)[0m   [0mSET SQL_AUTO_IS_NULL=0[0m


Processing LoginController#login (for 127.0.0.1 at 2009-06-20 05:49:22) [GET]
Rendering template within layouts/users
Rendering login/login
Completed in 4ms (View: 2, DB: 0) | 200 OK [http://localhost/login/login]
  [4;36;1mSQL (0.1ms)[0m   [0;1mSET NAMES 'utf8'[0m
  [4;35;1mSQL (0.1ms)[0m   [0mSET SQL_AUTO_IS_NULL=0[0m


Processing LoginController#login (for 127.0.0.1 at 2009-06-20 05:49:33) [POST]
  Parameters: {"name"=>"kate", "commit"=>"Login", "authenticity_token"=>"3e0voECgVllRNdDYjnXj8u4SMOgX1etnzQsFcoBIdTY=", "password"=>"kate1234"}
  [4;36;1mUser Columns (1.2ms)[0m   [0;1mSHOW FIELDS FROM `users`[0m
  [4;35;1mUser Load (0.1ms)[0m   [0mSELECT * FROM `users` WHERE (`users`.`name` = 'kate') LIMIT 1[0m
Redirected to http://localhost:3000/dashboard
Completed in 12ms (DB: 2) | 302 Found [http://localhost/login/login]
  [4;36;1mSQL (0.1ms)[0m   [0;1mSET NAMES 'utf8'[0m
  [4;35;1mSQL (0.1ms)[0m   [0mSET SQL_AUTO_IS_NULL=0[0m


Processing DashboardController#index (for 127.0.0.1 at 2009-06-20 05:49:33) [GET]
  [4;36;1mUser Columns (1.0ms)[0m   [0;1mSHOW FIELDS FROM `users`[0m
  [4;35;1mUser Load (13.5ms)[0m   [0mSELECT * FROM `users` WHERE (`users`.`id` = 3) LIMIT 1[0m
Rendering template within layouts/dashboard
Rendering dashboard/index
Completed in 41ms (View: 9, DB: 15) | 200 OK [http://localhost/dashboard]
  [4;36;1mSQL (0.1ms)[0m   [0;1mSET NAMES 'utf8'[0m
  [4;35;1mSQL (0.1ms)[0m   [0mSET SQL_AUTO_IS_NULL=0[0m


Processing LoginController#logout (for 127.0.0.1 at 2009-06-20 05:49:40) [GET]
Rendering template within layouts/users
Rendering login/logout
Completed in 6ms (View: 4, DB: 0) | 200 OK [http://localhost/login/logout]
  [4;36;1mSQL (0.1ms)[0m   [0;1mSET NAMES 'utf8'[0m
  [4;35;1mSQL (0.1ms)[0m   [0mSET SQL_AUTO_IS_NULL=0[0m


Processing LoginController#login (for 127.0.0.1 at 2009-06-20 05:49:41) [GET]
Rendering template within layouts/users
Rendering login/login
Completed in 4ms (View: 2, DB: 0) | 200 OK [http://localhost/login/login]
  [4;36;1mSQL (0.1ms)[0m   [0;1mSET NAMES 'utf8'[0m
  [4;35;1mSQL (0.1ms)[0m   [0mSET SQL_AUTO_IS_NULL=0[0m


Processing LoginController#login (for 127.0.0.1 at 2009-06-20 05:49:42) [POST]
  Parameters: {"name"=>"kate", "commit"=>"Login", "authenticity_token"=>"3e0voECgVllRNdDYjnXj8u4SMOgX1etnzQsFcoBIdTY=", "password"=>"kate1234"}
  [4;36;1mUser Columns (1.5ms)[0m   [0;1mSHOW FIELDS FROM `users`[0m
  [4;35;1mUser Load (0.2ms)[0m   [0mSELECT * FROM `users` WHERE (`users`.`name` = 'kate') LIMIT 1[0m
Redirected to http://localhost:3000/dashboard
Completed in 12ms (DB: 2) | 302 Found [http://localhost/login/login]
  [4;36;1mSQL (0.1ms)[0m   [0;1mSET NAMES 'utf8'[0m
  [4;35;1mSQL (0.1ms)[0m   [0mSET SQL_AUTO_IS_NULL=0[0m


Processing DashboardController#index (for 127.0.0.1 at 2009-06-20 05:49:42) [GET]
  [4;36;1mUser Columns (1.0ms)[0m   [0;1mSHOW FIELDS FROM `users`[0m
  [4;35;1mUser Load (0.1ms)[0m   [0mSELECT * FROM `users` WHERE (`users`.`id` = 3) LIMIT 1[0m
Rendering template within layouts/dashboard
Rendering dashboard/index
Completed in 10ms (View: 1, DB: 1) | 200 OK [http://localhost/dashboard]
  [4;36;1mSQL (0.1ms)[0m   [0;1mSET NAMES 'utf8'[0m
  [4;35;1mSQL (0.1ms)[0m   [0mSET SQL_AUTO_IS_NULL=0[0m


Processing BackyardController#index (for 127.0.0.1 at 2009-06-20 05:51:24) [GET]

ActionController::UnknownAction (No action responded to index. Actions: ):
  

Rendering rescues/layout (not_found)
  [4;36;1mSQL (0.1ms)[0m   [0;1mSET NAMES 'utf8'[0m
  [4;35;1mSQL (0.1ms)[0m   [0mSET SQL_AUTO_IS_NULL=0[0m


Processing BackyardController#user (for 127.0.0.1 at 2009-06-20 05:51:35) [GET]

ActionController::UnknownAction (No action responded to user. Actions: ):
  

Rendering rescues/layout (not_found)
  [4;36;1mSQL (0.1ms)[0m   [0;1mSET NAMES 'utf8'[0m
  [4;35;1mSQL (0.1ms)[0m   [0mSET SQL_AUTO_IS_NULL=0[0m


Processing BackyardController#user (for 127.0.0.1 at 2009-06-20 05:51:41) [GET]
  Parameters: {"id"=>"list"}

ActionController::UnknownAction (No action responded to user. Actions: ):
  

Rendering rescues/layout (not_found)
  [4;36;1mSQL (0.1ms)[0m   [0;1mSET NAMES 'utf8'[0m
  [4;35;1mSQL (0.1ms)[0m   [0mSET SQL_AUTO_IS_NULL=0[0m


Processing Backyard::UsersController#show (for 127.0.0.1 at 2009-06-20 05:51:45) [GET]
  Parameters: {"id"=>"list"}
  [4;36;1mUser Columns (0.8ms)[0m   [0;1mSHOW FIELDS FROM `users`[0m
  [4;35;1mUser Load (0.3ms)[0m   [0mSELECT * FROM `users` WHERE (`users`.`id` = 0) [0m

ActiveRecord::RecordNotFound (Couldn't find User with ID=list):
  app/controllers/backyard/users_controller.rb:22:in `show'

Rendered rescues/_trace (50.9ms)
Rendered rescues/_request_and_response (9.3ms)
Rendering rescues/layout (not_found)
  [4;36;1mSQL (0.1ms)[0m   [0;1mSET NAMES 'utf8'[0m
  [4;35;1mSQL (0.1ms)[0m   [0mSET SQL_AUTO_IS_NULL=0[0m


Processing Backyard::UsersController#index (for 127.0.0.1 at 2009-06-20 05:51:50) [GET]
  [4;36;1mUser Load (0.3ms)[0m   [0;1mSELECT * FROM `users` [0m
Rendering template within layouts/backyard
Rendering backyard/users/list
  [4;35;1mUser Columns (1.1ms)[0m   [0mSHOW FIELDS FROM `users`[0m
Completed in 28ms (View: 15, DB: 2) | 200 OK [http://localhost/backyard/users/]
  [4;36;1mSQL (0.1ms)[0m   [0;1mSET NAMES 'utf8'[0m
  [4;35;1mSQL (0.1ms)[0m   [0mSET SQL_AUTO_IS_NULL=0[0m


Processing DashboardController#index (for 127.0.0.1 at 2009-06-20 06:25:01) [GET]
  [4;36;1mUser Columns (1.1ms)[0m   [0;1mSHOW FIELDS FROM `users`[0m
  [4;35;1mUser Load (0.1ms)[0m   [0mSELECT * FROM `users` WHERE (`users`.`id` = 3) LIMIT 1[0m
Rendering template within layouts/dashboard
Rendering dashboard/index
Completed in 76ms (View: 1, DB: 1) | 200 OK [http://localhost/dashboard]
  [4;36;1mSQL (0.1ms)[0m   [0;1mSET NAMES 'utf8'[0m
  [4;35;1mSQL (0.1ms)[0m   [0mSET SQL_AUTO_IS_NULL=0[0m


Processing Backyard::UsersController#index (for 127.0.0.1 at 2009-06-20 06:32:48) [GET]
  [4;36;1mUser Load (0.1ms)[0m   [0;1mSELECT * FROM `users` [0m
Rendering template within layouts/backyard
Rendering backyard/users/list
  [4;35;1mUser Columns (1.1ms)[0m   [0mSHOW FIELDS FROM `users`[0m
Completed in 15ms (View: 6, DB: 1) | 200 OK [http://localhost/backyard/users/]
